<?xml version="1.0" encoding="UTF-8"?>
<testng-results skipped="0" failed="1" ignored="0" total="6" passed="5">
  <reporter-output>
  </reporter-output>
  <suite name="Web Order Suite Name" duration-ms="36150" started-at="2021-02-15T03:10:57Z" finished-at="2021-02-15T03:11:33Z">
    <groups>
    </groups>
    <test name="Login Test Case" duration-ms="1450" started-at="2021-02-15T03:10:57Z" finished-at="2021-02-15T03:10:58Z">
      <class name="testCases.Test_Login_Test_Case">
        <test-method status="PASS" signature="logintestCase(java.lang.String, java.lang.String)[pri:0, instance:testCases.Test_Login_Test_Case@1bce4f0a]" name="logintestCase" duration-ms="385" started-at="2021-02-15T03:10:57Z" data-provider="TestCASE" finished-at="2021-02-15T03:10:57Z">
          <params>
            <param index="0">
              <value>
                <![CDATA[ABCDEF]]>
              </value>
            </param>
            <param index="1">
              <value>
                <![CDATA[1234]]>
              </value>
            </param>
          </params>
          <reporter-output>
          </reporter-output>
        </test-method> <!-- logintestCase -->
        <test-method status="PASS" signature="logintestCase(java.lang.String, java.lang.String)[pri:0, instance:testCases.Test_Login_Test_Case@1bce4f0a]" name="logintestCase" duration-ms="297" started-at="2021-02-15T03:10:57Z" data-provider="TestCASE" finished-at="2021-02-15T03:10:58Z">
          <params>
            <param index="0">
              <value>
                <![CDATA[ABC12345]]>
              </value>
            </param>
            <param index="1">
              <value>
                <![CDATA[1234]]>
              </value>
            </param>
          </params>
          <reporter-output>
          </reporter-output>
        </test-method> <!-- logintestCase -->
        <test-method status="PASS" signature="logintestCase(java.lang.String, java.lang.String)[pri:0, instance:testCases.Test_Login_Test_Case@1bce4f0a]" name="logintestCase" duration-ms="279" started-at="2021-02-15T03:10:58Z" data-provider="TestCASE" finished-at="2021-02-15T03:10:58Z">
          <params>
            <param index="0">
              <value>
                <![CDATA[8014141]]>
              </value>
            </param>
            <param index="1">
              <value>
                <![CDATA[123456]]>
              </value>
            </param>
          </params>
          <reporter-output>
          </reporter-output>
        </test-method> <!-- logintestCase -->
        <test-method status="PASS" signature="logintestCase(java.lang.String, java.lang.String)[pri:0, instance:testCases.Test_Login_Test_Case@1bce4f0a]" name="logintestCase" duration-ms="294" started-at="2021-02-15T03:10:58Z" data-provider="TestCASE" finished-at="2021-02-15T03:10:58Z">
          <params>
            <param index="0">
              <value>
                <![CDATA[8014141]]>
              </value>
            </param>
            <param index="1">
              <value>
                <![CDATA[1234]]>
              </value>
            </param>
          </params>
          <reporter-output>
          </reporter-output>
        </test-method> <!-- logintestCase -->
      </class> <!-- testCases.Test_Login_Test_Case -->
    </test> <!-- Login Test Case -->
    <test name="Order Process with 10 Products Test Case" duration-ms="4502" started-at="2021-02-15T03:10:58Z" finished-at="2021-02-15T03:11:03Z">
      <class name="testCases.Test_Raise_Order_with_10_Product">
        <test-method status="PASS" signature="raiseOrderWithTenProduct()[pri:0, instance:testCases.Test_Raise_Order_with_10_Product@4f7d0008]" name="raiseOrderWithTenProduct" duration-ms="4501" started-at="2021-02-15T03:10:58Z" finished-at="2021-02-15T03:11:03Z">
          <reporter-output>
          </reporter-output>
        </test-method> <!-- raiseOrderWithTenProduct -->
      </class> <!-- testCases.Test_Raise_Order_with_10_Product -->
    </test> <!-- Order Process with 10 Products Test Case -->
    <test name="Datash board Test Case" duration-ms="30123" started-at="2021-02-15T03:11:03Z" finished-at="2021-02-15T03:11:33Z">
      <class name="testCases.Test_Dash_Board">
        <test-method status="PASS" signature="launchBrowser()[pri:0, instance:testCases.Test_Dash_Board@2f686d1f]" name="launchBrowser" is-config="true" duration-ms="8428" started-at="2021-02-15T03:10:48Z" finished-at="2021-02-15T03:10:57Z">
          <reporter-output>
          </reporter-output>
        </test-method> <!-- launchBrowser -->
        <test-method status="FAIL" signature="dashBoardPageTesting()[pri:0, instance:testCases.Test_Dash_Board@2f686d1f]" name="dashBoardPageTesting" duration-ms="30114" started-at="2021-02-15T03:11:03Z" finished-at="2021-02-15T03:11:33Z">
          <exception class="org.openqa.selenium.NoSuchElementException">
            <message>
              <![CDATA[no such element: Unable to locate element: {"method":"xpath","selector":"//*[@class = 'col col-9 f-20-rem text-secondary text-center']"}
  (Session info: chrome=88.0.4324.150)
For documentation on this error, please visit: https://www.seleniumhq.org/exceptions/no_such_element.html
Build info: version: '3.141.59', revision: 'e82be7d358', time: '2018-11-14T08:25:53'
System info: host: 'WS4022TST-022', ip: '10.5.160.142', os.name: 'Windows 10', os.arch: 'amd64', os.version: '10.0', java.version: '1.8.0_271'
Driver info: org.openqa.selenium.chrome.ChromeDriver
Capabilities {acceptInsecureCerts: false, browserName: chrome, browserVersion: 88.0.4324.150, chrome: {chromedriverVersion: 87.0.4280.88 (89e2380a3e36c..., userDataDir: C:\Users\WS501\AppData\Loca...}, goog:chromeOptions: {debuggerAddress: localhost:61043}, javascriptEnabled: true, networkConnectionEnabled: false, pageLoadStrategy: normal, platform: WINDOWS, platformName: WINDOWS, proxy: Proxy(), setWindowRect: true, strictFileInteractability: false, timeouts: {implicit: 0, pageLoad: 300000, script: 30000}, unhandledPromptBehavior: dismiss and notify, webauthn:virtualAuthenticators: true}
Session ID: ddb1d8b4d538c6917f5c76e210add967
*** Element info: {Using=xpath, value=//*[@class = 'col col-9 f-20-rem text-secondary text-center']}]]>
            </message>
            <full-stacktrace>
              <![CDATA[org.openqa.selenium.NoSuchElementException: no such element: Unable to locate element: {"method":"xpath","selector":"//*[@class = 'col col-9 f-20-rem text-secondary text-center']"}
  (Session info: chrome=88.0.4324.150)
For documentation on this error, please visit: https://www.seleniumhq.org/exceptions/no_such_element.html
Build info: version: '3.141.59', revision: 'e82be7d358', time: '2018-11-14T08:25:53'
System info: host: 'WS4022TST-022', ip: '10.5.160.142', os.name: 'Windows 10', os.arch: 'amd64', os.version: '10.0', java.version: '1.8.0_271'
Driver info: org.openqa.selenium.chrome.ChromeDriver
Capabilities {acceptInsecureCerts: false, browserName: chrome, browserVersion: 88.0.4324.150, chrome: {chromedriverVersion: 87.0.4280.88 (89e2380a3e36c..., userDataDir: C:\Users\WS501\AppData\Loca...}, goog:chromeOptions: {debuggerAddress: localhost:61043}, javascriptEnabled: true, networkConnectionEnabled: false, pageLoadStrategy: normal, platform: WINDOWS, platformName: WINDOWS, proxy: Proxy(), setWindowRect: true, strictFileInteractability: false, timeouts: {implicit: 0, pageLoad: 300000, script: 30000}, unhandledPromptBehavior: dismiss and notify, webauthn:virtualAuthenticators: true}
Session ID: ddb1d8b4d538c6917f5c76e210add967
*** Element info: {Using=xpath, value=//*[@class = 'col col-9 f-20-rem text-secondary text-center']}
at sun.reflect.NativeConstructorAccessorImpl.newInstance0(Native Method)
at sun.reflect.NativeConstructorAccessorImpl.newInstance(Unknown Source)
at sun.reflect.DelegatingConstructorAccessorImpl.newInstance(Unknown Source)
at java.lang.reflect.Constructor.newInstance(Unknown Source)
at org.openqa.selenium.remote.http.W3CHttpResponseCodec.createException(W3CHttpResponseCodec.java:187)
at org.openqa.selenium.remote.http.W3CHttpResponseCodec.decode(W3CHttpResponseCodec.java:122)
at org.openqa.selenium.remote.http.W3CHttpResponseCodec.decode(W3CHttpResponseCodec.java:49)
at org.openqa.selenium.remote.HttpCommandExecutor.execute(HttpCommandExecutor.java:158)
at org.openqa.selenium.remote.service.DriverCommandExecutor.execute(DriverCommandExecutor.java:83)
at org.openqa.selenium.remote.RemoteWebDriver.execute(RemoteWebDriver.java:552)
at org.openqa.selenium.remote.RemoteWebDriver.findElement(RemoteWebDriver.java:323)
at org.openqa.selenium.remote.RemoteWebDriver.findElementByXPath(RemoteWebDriver.java:428)
at org.openqa.selenium.By$ByXPath.findElement(By.java:353)
at org.openqa.selenium.remote.RemoteWebDriver.findElement(RemoteWebDriver.java:315)
at org.openqa.selenium.support.pagefactory.DefaultElementLocator.findElement(DefaultElementLocator.java:69)
at org.openqa.selenium.support.pagefactory.internal.LocatingElementHandler.invoke(LocatingElementHandler.java:38)
at com.sun.proxy.$Proxy10.getText(Unknown Source)
at testCases.Test_Dash_Board.dashBoardPageTesting(Test_Dash_Board.java:21)
at sun.reflect.NativeMethodAccessorImpl.invoke0(Native Method)
at sun.reflect.NativeMethodAccessorImpl.invoke(Unknown Source)
at sun.reflect.DelegatingMethodAccessorImpl.invoke(Unknown Source)
at java.lang.reflect.Method.invoke(Unknown Source)
at org.testng.internal.MethodInvocationHelper.invokeMethod(MethodInvocationHelper.java:124)
at org.testng.internal.Invoker.invokeMethod(Invoker.java:583)
at org.testng.internal.Invoker.invokeTestMethod(Invoker.java:719)
at org.testng.internal.Invoker.invokeTestMethods(Invoker.java:989)
at org.testng.internal.TestMethodWorker.invokeTestMethods(TestMethodWorker.java:125)
at org.testng.internal.TestMethodWorker.run(TestMethodWorker.java:109)
at org.testng.TestRunner.privateRun(TestRunner.java:648)
at org.testng.TestRunner.run(TestRunner.java:505)
at org.testng.SuiteRunner.runTest(SuiteRunner.java:455)
at org.testng.SuiteRunner.runSequentially(SuiteRunner.java:450)
at org.testng.SuiteRunner.privateRun(SuiteRunner.java:415)
at org.testng.SuiteRunner.run(SuiteRunner.java:364)
at org.testng.SuiteRunnerWorker.runSuite(SuiteRunnerWorker.java:52)
at org.testng.SuiteRunnerWorker.run(SuiteRunnerWorker.java:84)
at org.testng.TestNG.runSuitesSequentially(TestNG.java:1208)
at org.testng.TestNG.runSuitesLocally(TestNG.java:1137)
at org.testng.TestNG.runSuites(TestNG.java:1049)
at org.testng.TestNG.run(TestNG.java:1017)
at org.testng.remote.AbstractRemoteTestNG.run(AbstractRemoteTestNG.java:114)
at org.testng.remote.RemoteTestNG.initAndRun(RemoteTestNG.java:251)
at org.testng.remote.RemoteTestNG.main(RemoteTestNG.java:77)
]]>
            </full-stacktrace>
          </exception> <!-- org.openqa.selenium.NoSuchElementException -->
          <reporter-output>
          </reporter-output>
        </test-method> <!-- dashBoardPageTesting -->
        <test-method status="PASS" signature="tearDown()[pri:0, instance:testCases.Test_Dash_Board@2f686d1f]" name="tearDown" is-config="true" duration-ms="890" started-at="2021-02-15T03:11:33Z" finished-at="2021-02-15T03:11:34Z">
          <reporter-output>
          </reporter-output>
        </test-method> <!-- tearDown -->
      </class> <!-- testCases.Test_Dash_Board -->
    </test> <!-- Datash board Test Case -->
  </suite> <!-- Web Order Suite Name -->
</testng-results>
