<?xml version="1.0" encoding="UTF-8"?>
<!-- Generated by org.testng.reporters.JUnitXMLReporter -->
<testsuite hostname="WS4022TST-022" ignored="0" name="Login Test Case" tests="4" failures="0" timestamp="15 Feb 2021 03:10:58 GMT" time="1.45" errors="0">
  <testcase name="logintestCase" time="0.385" classname="testCases.Test_Login_Test_Case"/>
  <testcase name="logintestCase" time="0.297" classname="testCases.Test_Login_Test_Case"/>
  <testcase name="logintestCase" time="0.279" classname="testCases.Test_Login_Test_Case"/>
  <testcase name="logintestCase" time="0.294" classname="testCases.Test_Login_Test_Case"/>
</testsuite> <!-- Login Test Case -->
